<?xml version="1.0" encoding="UTF-8"?>
<!-- Generated by org.testng.reporters.JUnitXMLReporter -->
<testsuite ignored="0" hostname="Manjuus-Mac.local" failures="0" tests="1" name="Test" time="0.762" errors="0" timestamp="11 Dec 2020 11:19:44 GMT">
  <testcase classname="org.xframium.device.ng.AbstractSeleniumTest" name="@BeforeMethod beforeMethod" time="0.693">
    <failure type="java.lang.NoSuchMethodError" message="com.google.gson.GsonBuilder.setLenient()Lcom/google/gson/GsonBuilder;">
      <![CDATA[java.lang.NoSuchMethodError: com.google.gson.GsonBuilder.setLenient()Lcom/google/gson/GsonBuilder;
at org.openqa.selenium.json.Json.<clinit>(Json.java:47)
at org.openqa.selenium.logging.profiler.HttpProfilerLogEntry.constructMessage(HttpProfilerLogEntry.java:37)
at org.openqa.selenium.logging.profiler.HttpProfilerLogEntry.<init>(HttpProfilerLogEntry.java:29)
at org.openqa.selenium.remote.HttpCommandExecutor.execute(HttpCommandExecutor.java:141)
at org.openqa.selenium.remote.RemoteWebDriver.execute(RemoteWebDriver.java:600)
at org.openqa.selenium.remote.RemoteWebDriver.startSession(RemoteWebDriver.java:219)
at org.openqa.selenium.remote.RemoteWebDriver.<init>(RemoteWebDriver.java:142)
at org.openqa.selenium.remote.RemoteWebDriver.<init>(RemoteWebDriver.java:155)
at org.xframium.device.factory.spi.WEBDriverFactory._createDriver(WEBDriverFactory.java:116)
at org.xframium.device.factory.AbstractDriverFactory.createDriver(AbstractDriverFactory.java:90)
at org.xframium.device.DeviceManager.getDevice(DeviceManager.java:698)
at org.xframium.device.ng.AbstractSeleniumTest.beforeMethod(AbstractSeleniumTest.java:444)
at java.base/java.util.concurrent.FutureTask.run(FutureTask.java:264)
at java.base/java.util.concurrent.Executors$RunnableAdapter.call(Executors.java:515)
at java.base/java.util.concurrent.FutureTask.run(FutureTask.java:264)
at java.base/java.util.concurrent.ThreadPoolExecutor.runWorker(ThreadPoolExecutor.java:1128)
at java.base/java.util.concurrent.ThreadPoolExecutor$Worker.run(ThreadPoolExecutor.java:628)
at java.base/java.lang.Thread.run(Thread.java:834)
... Removed 12 stack frames]]>
    </failure>
  </testcase> <!-- @BeforeMethod beforeMethod -->
  <testcase classname="utility.CustomAbstractTest" name="@AfterMethod AfterMethod" time="0.0">
    <skipped/>
  </testcase> <!-- @AfterMethod AfterMethod -->
  <testcase classname="org.xframium.device.ng.AbstractSeleniumTest" name="@AfterMethod afterMethod" time="0.0">
    <skipped/>
  </testcase> <!-- @AfterMethod afterMethod -->
  <testcase classname="uiAutomation.TestDriverClasses" name="FirstScript" time="0.0">
    <skipped/>
  </testcase> <!-- FirstScript -->
</testsuite> <!-- Test -->
