<?xml version="1.0" encoding="UTF-8"?>
<testng-results skipped="0" failed="2" ignored="0" total="2" passed="0">
  <reporter-output>
  </reporter-output>
  <suite name="Default suite" duration-ms="135914" started-at="2020-09-12T14:08:02Z" finished-at="2020-09-12T14:10:17Z">
    <groups>
    </groups>
    <test name="Default test" duration-ms="135914" started-at="2020-09-12T14:08:02Z" finished-at="2020-09-12T14:10:17Z">
      <class name="uiAutomation.TestDriverClasses">
        <test-method status="PASS" signature="setupSuite()[pri:0, instance:uiAutomation.TestDriverClasses@3043fe0e]" name="setupSuite" is-config="true" duration-ms="1563" started-at="2020-09-12T19:38:00Z" finished-at="2020-09-12T19:38:02Z">
          <reporter-output>
          </reporter-output>
        </test-method> <!-- setupSuite -->
        <test-method status="PASS" signature="beforeMethod(java.lang.reflect.Method, [Ljava.lang.Object;)[pri:0, instance:uiAutomation.TestDriverClasses@3043fe0e]" name="beforeMethod" is-config="true" duration-ms="2860" started-at="2020-09-12T19:38:02Z" finished-at="2020-09-12T19:38:04Z">
          <params>
            <param index="0">
              <value>
                <![CDATA[public void uiAutomation.TestDriverClasses.FirstScript(org.xframium.device.ng.AbstractSeleniumTest$TestName,org.xframium.spi.Device) throws java.lang.Exception]]>
              </value>
            </param>
            <param index="1">
              <value>
                <![CDATA[[Ljava.lang.Object;@1e0f9063]]>
              </value>
            </param>
          </params>
          <reporter-output>
          </reporter-output>
        </test-method> <!-- beforeMethod -->
        <test-method status="FAIL" signature="FirstScript(org.xframium.device.ng.AbstractSeleniumTest$TestName, org.xframium.spi.Device)[pri:0, instance:uiAutomation.TestDriverClasses@3043fe0e]" name="FirstScript" duration-ms="35838" started-at="2020-09-12T19:38:04Z" data-provider="DeviceManager" finished-at="2020-09-12T19:38:40Z">
          <params>
            <param index="0">
              <value>
                <![CDATA[Chrome_FirstScript[DS001]-->null Chrome [Chrome]]]>
              </value>
            </param>
            <param index="1">
              <value>
                <![CDATA[null Chrome (Chrome)]]>
              </value>
            </param>
          </params>
          <exception class="java.lang.reflect.InvocationTargetException">
            <full-stacktrace>
              <![CDATA[java.lang.reflect.InvocationTargetException
	at sun.reflect.NativeMethodAccessorImpl.invoke0(Native Method)
	at sun.reflect.NativeMethodAccessorImpl.invoke(NativeMethodAccessorImpl.java:62)
	at sun.reflect.DelegatingMethodAccessorImpl.invoke(DelegatingMethodAccessorImpl.java:43)
	at java.lang.reflect.Method.invoke(Method.java:498)
	at org.xframium.page.factory.DefaultPageFactory.invoke(DefaultPageFactory.java:157)
	at com.sun.proxy.$Proxy20.Login(Unknown Source)
	at pages.spi.PageImplInvoker.Login(PageImplInvoker.java:21)
	at uiAutomation.TestDriverClasses.FirstScript(TestDriverClasses.java:33)
	at sun.reflect.NativeMethodAccessorImpl.invoke0(Native Method)
	at sun.reflect.NativeMethodAccessorImpl.invoke(NativeMethodAccessorImpl.java:62)
	at sun.reflect.DelegatingMethodAccessorImpl.invoke(DelegatingMethodAccessorImpl.java:43)
	at java.lang.reflect.Method.invoke(Method.java:498)
	at org.testng.internal.MethodInvocationHelper.invokeMethod(MethodInvocationHelper.java:108)
	at org.testng.internal.Invoker.invokeMethod(Invoker.java:661)
	at org.testng.internal.Invoker.invokeTestMethod(Invoker.java:869)
	at org.testng.internal.TestMethodWithDataProviderMethodWorker.call(TestMethodWithDataProviderMethodWorker.java:75)
	at org.testng.internal.TestMethodWithDataProviderMethodWorker.call(TestMethodWithDataProviderMethodWorker.java:14)
	at java.util.concurrent.FutureTask.run(FutureTask.java:266)
	at java.util.concurrent.Executors$RunnableAdapter.call(Executors.java:511)
	at java.util.concurrent.FutureTask.run(FutureTask.java:266)
	at java.util.concurrent.ThreadPoolExecutor.runWorker(ThreadPoolExecutor.java:1149)
	at java.util.concurrent.ThreadPoolExecutor$Worker.run(ThreadPoolExecutor.java:624)
	at java.lang.Thread.run(Thread.java:748)
Caused by: element click intercepted: Element <span jsname="V67aGc" class="VfPpkd-vQzf8d">...</span> is not clickable at point (499, 425). Other element would receive the click: <div class="VfPpkd-RLmnJb"></div>
  (Session info: chrome=85.0.4183.102)
  (Driver info: chromedriver=85.0.4183.87 (cd6713ebf92fa1cacc0f1a598df280093af0c5d7-refs/branch-heads/4183@{#1689}),platform=Mac OS X 10.15.6 x86_64) (WARNING: The server did not provide any stacktrace information)
Command duration or timeout: 1.08 seconds
Build info: version: '2.50.0', revision: '1070ace', time: '2016-01-27 18:43:24'
System info: host: 'Manjuus-Mac.local', ip: '127.0.0.1', os.name: 'Mac OS X', os.arch: 'x86_64', os.version: '10.15.6', java.version: '1.8.0_171'
Driver info: org.openqa.selenium.chrome.ChromeDriver
Capabilities [{mobileEmulationEnabled=false, timeouts={implicit=0, pageLoad=300000, script=30000}, hasTouchScreen=false, platform=MAC, acceptSslCerts=false, goog:chromeOptions={debuggerAddress=localhost:50161}, acceptInsecureCerts=false, webStorageEnabled=true, browserName=chrome, takesScreenshot=true, javascriptEnabled=true, setWindowRect=true, unexpectedAlertBehaviour=ignore, applicationCacheEnabled=false, rotatable=false, networkConnectionEnabled=false, chrome={chromedriverVersion=85.0.4183.87 (cd6713ebf92fa1cacc0f1a598df280093af0c5d7-refs/branch-heads/4183@{#1689}), userDataDir=/var/folders/qz/47s677px17q2y7vp_bmr0l0w0000gn/T/.com.google.Chrome.E7yLEI}, takesHeapSnapshot=true, pageLoadStrategy=normal, strictFileInteractability=false, databaseEnabled=false, handlesAlerts=true, version=85.0.4183.102, browserConnectionEnabled=false, proxy={}, nativeEvents=true, locationContextEnabled=true, cssSelectorsEnabled=true, webauthn:virtualAuthenticators=true}]
Session ID: a13bfd50847364226307aef87c86e759
Command duration or timeout: 1.92 seconds
Build info: version: '2.53.1', revision: 'a36b8b1cd5757287168e54b817830adce9b0158d', time: '2016-06-30 19:26:09'
System info: host: 'Manjuus-Mac.local', ip: '127.0.0.1', os.name: 'Mac OS X', os.arch: 'x86_64', os.version: '10.15.6', java.version: '1.8.0_171'
Driver info: org.openqa.selenium.remote.RemoteWebDriver
Capabilities [{mobileEmulationEnabled=false, timeouts={implicit=0, pageLoad=300000, script=30000}, hasTouchScreen=false, platform=MAC, acceptSslCerts=false, goog:chromeOptions={debuggerAddress=localhost:50161}, acceptInsecureCerts=false, webStorageEnabled=true, browserName=chrome, takesScreenshot=true, javascriptEnabled=true, setWindowRect=true, unexpectedAlertBehaviour=ignore, applicationCacheEnabled=false, rotatable=false, networkConnectionEnabled=false, chrome={chromedriverVersion=85.0.4183.87 (cd6713ebf92fa1cacc0f1a598df280093af0c5d7-refs/branch-heads/4183@{#1689}), userDataDir=/var/folders/qz/47s677px17q2y7vp_bmr0l0w0000gn/T/.com.google.Chrome.E7yLEI}, takesHeapSnapshot=true, pageLoadStrategy=normal, strictFileInteractability=false, databaseEnabled=false, handlesAlerts=true, version=85.0.4183.102, browserConnectionEnabled=false, proxy={}, nativeEvents=true, webdriver.remote.sessionid=ac91c03d-14c2-43ad-b268-a77c0d1a6f6c, locationContextEnabled=true, cssSelectorsEnabled=true, webauthn:virtualAuthenticators=true}]
Session ID: ac91c03d-14c2-43ad-b268-a77c0d1a6f6c
	at org.xframium.page.element.AbstractElement.click(AbstractElement.java:647)
	at org.xframium.page.element.AbstractElement.click(AbstractElement.java:613)
	at functions.GenericFunctions._click(GenericFunctions.java:335)
	at pages.spi.LoginImpl.Login(LoginImpl.java:87)
	... 23 more
]]>
            </full-stacktrace>
          </exception> <!-- java.lang.reflect.InvocationTargetException -->
          <reporter-output>
          </reporter-output>
        </test-method> <!-- FirstScript -->
        <test-method status="PASS" signature="AfterMethod(java.lang.reflect.Method, org.testng.ITestResult)[pri:0, instance:uiAutomation.TestDriverClasses@3043fe0e]" name="AfterMethod" is-config="true" duration-ms="85" started-at="2020-09-12T19:38:40Z" finished-at="2020-09-12T19:38:40Z">
          <params>
            <param index="0">
              <value>
                <![CDATA[public void uiAutomation.TestDriverClasses.FirstScript(org.xframium.device.ng.AbstractSeleniumTest$TestName,org.xframium.spi.Device) throws java.lang.Exception]]>
              </value>
            </param>
            <param index="1">
              <value>
                <![CDATA[[TestResult name=FirstScript status=FAILURE method=TestDriverClasses.FirstScript(org.xframium.device.ng.AbstractSeleniumTest$TestName, org.xframium.spi.Device)[pri:0, instance:uiAutomation.TestDriverClasses@3043fe0e] output={null}]]]>
              </value>
            </param>
          </params>
          <reporter-output>
          </reporter-output>
        </test-method> <!-- AfterMethod -->
        <test-method status="PASS" signature="afterMethod(java.lang.reflect.Method, [Ljava.lang.Object;, org.testng.ITestResult)[pri:0, instance:uiAutomation.TestDriverClasses@3043fe0e]" name="afterMethod" is-config="true" duration-ms="2964" started-at="2020-09-12T19:38:40Z" finished-at="2020-09-12T19:38:43Z">
          <params>
            <param index="0">
              <value>
                <![CDATA[public void uiAutomation.TestDriverClasses.FirstScript(org.xframium.device.ng.AbstractSeleniumTest$TestName,org.xframium.spi.Device) throws java.lang.Exception]]>
              </value>
            </param>
            <param index="1">
              <value>
                <![CDATA[[Ljava.lang.Object;@1e0f9063]]>
              </value>
            </param>
            <param index="2">
              <value>
                <![CDATA[[TestResult name=FirstScript status=FAILURE method=TestDriverClasses.FirstScript(org.xframium.device.ng.AbstractSeleniumTest$TestName, org.xframium.spi.Device)[pri:0, instance:uiAutomation.TestDriverClasses@3043fe0e] output={null}]]]>
              </value>
            </param>
          </params>
          <reporter-output>
          </reporter-output>
        </test-method> <!-- afterMethod -->
        <test-method status="PASS" signature="beforeMethod(java.lang.reflect.Method, [Ljava.lang.Object;)[pri:0, instance:uiAutomation.TestDriverClasses@3043fe0e]" name="beforeMethod" is-config="true" duration-ms="2042" started-at="2020-09-12T19:38:43Z" finished-at="2020-09-12T19:38:45Z">
          <params>
            <param index="0">
              <value>
                <![CDATA[public void uiAutomation.TestDriverClasses.SecondScript(org.xframium.device.ng.AbstractSeleniumTest$TestName,org.xframium.spi.Device) throws java.lang.Exception]]>
              </value>
            </param>
            <param index="1">
              <value>
                <![CDATA[[Ljava.lang.Object;@3e30646a]]>
              </value>
            </param>
          </params>
          <reporter-output>
          </reporter-output>
        </test-method> <!-- beforeMethod -->
        <test-method status="FAIL" signature="SecondScript(org.xframium.device.ng.AbstractSeleniumTest$TestName, org.xframium.spi.Device)[pri:0, instance:uiAutomation.TestDriverClasses@3043fe0e]" name="SecondScript" duration-ms="31035" started-at="2020-09-12T19:38:45Z" data-provider="DeviceManager" finished-at="2020-09-12T19:39:16Z">
          <params>
            <param index="0">
              <value>
                <![CDATA[Chrome_SecondScript[DS002]-->null Chrome [Chrome]]]>
              </value>
            </param>
            <param index="1">
              <value>
                <![CDATA[null Chrome (Chrome)]]>
              </value>
            </param>
          </params>
          <exception class="java.lang.reflect.InvocationTargetException">
            <full-stacktrace>
              <![CDATA[java.lang.reflect.InvocationTargetException
	at sun.reflect.NativeMethodAccessorImpl.invoke0(Native Method)
	at sun.reflect.NativeMethodAccessorImpl.invoke(NativeMethodAccessorImpl.java:62)
	at sun.reflect.DelegatingMethodAccessorImpl.invoke(DelegatingMethodAccessorImpl.java:43)
	at java.lang.reflect.Method.invoke(Method.java:498)
	at org.xframium.page.factory.DefaultPageFactory.invoke(DefaultPageFactory.java:157)
	at com.sun.proxy.$Proxy20.Login(Unknown Source)
	at pages.spi.PageImplInvoker.Login(PageImplInvoker.java:21)
	at uiAutomation.TestDriverClasses.SecondScript(TestDriverClasses.java:71)
	at sun.reflect.NativeMethodAccessorImpl.invoke0(Native Method)
	at sun.reflect.NativeMethodAccessorImpl.invoke(NativeMethodAccessorImpl.java:62)
	at sun.reflect.DelegatingMethodAccessorImpl.invoke(DelegatingMethodAccessorImpl.java:43)
	at java.lang.reflect.Method.invoke(Method.java:498)
	at org.testng.internal.MethodInvocationHelper.invokeMethod(MethodInvocationHelper.java:108)
	at org.testng.internal.Invoker.invokeMethod(Invoker.java:661)
	at org.testng.internal.Invoker.invokeTestMethod(Invoker.java:869)
	at org.testng.internal.TestMethodWithDataProviderMethodWorker.call(TestMethodWithDataProviderMethodWorker.java:75)
	at org.testng.internal.TestMethodWithDataProviderMethodWorker.call(TestMethodWithDataProviderMethodWorker.java:14)
	at java.util.concurrent.FutureTask.run(FutureTask.java:266)
	at java.util.concurrent.Executors$RunnableAdapter.call(Executors.java:511)
	at java.util.concurrent.FutureTask.run(FutureTask.java:266)
	at java.util.concurrent.ThreadPoolExecutor.runWorker(ThreadPoolExecutor.java:1149)
	at java.util.concurrent.ThreadPoolExecutor$Worker.run(ThreadPoolExecutor.java:624)
	at java.lang.Thread.run(Thread.java:748)
Caused by: element click intercepted: Element <span jsname="V67aGc" class="VfPpkd-vQzf8d">...</span> is not clickable at point (499, 425). Other element would receive the click: <div class="VfPpkd-RLmnJb"></div>
  (Session info: chrome=85.0.4183.102)
  (Driver info: chromedriver=85.0.4183.87 (cd6713ebf92fa1cacc0f1a598df280093af0c5d7-refs/branch-heads/4183@{#1689}),platform=Mac OS X 10.15.6 x86_64) (WARNING: The server did not provide any stacktrace information)
Command duration or timeout: 1.07 seconds
Build info: version: '2.50.0', revision: '1070ace', time: '2016-01-27 18:43:24'
System info: host: 'Manjuus-Mac.local', ip: '127.0.0.1', os.name: 'Mac OS X', os.arch: 'x86_64', os.version: '10.15.6', java.version: '1.8.0_171'
Driver info: org.openqa.selenium.chrome.ChromeDriver
Capabilities [{mobileEmulationEnabled=false, timeouts={implicit=0, pageLoad=300000, script=30000}, hasTouchScreen=false, platform=MAC, acceptSslCerts=false, goog:chromeOptions={debuggerAddress=localhost:50260}, acceptInsecureCerts=false, webStorageEnabled=true, browserName=chrome, takesScreenshot=true, javascriptEnabled=true, setWindowRect=true, unexpectedAlertBehaviour=ignore, applicationCacheEnabled=false, rotatable=false, networkConnectionEnabled=false, chrome={chromedriverVersion=85.0.4183.87 (cd6713ebf92fa1cacc0f1a598df280093af0c5d7-refs/branch-heads/4183@{#1689}), userDataDir=/var/folders/qz/47s677px17q2y7vp_bmr0l0w0000gn/T/.com.google.Chrome.hwy55C}, takesHeapSnapshot=true, pageLoadStrategy=normal, strictFileInteractability=false, databaseEnabled=false, handlesAlerts=true, version=85.0.4183.102, browserConnectionEnabled=false, proxy={}, nativeEvents=true, locationContextEnabled=true, cssSelectorsEnabled=true, webauthn:virtualAuthenticators=true}]
Session ID: 898d376da27efaf2e5e79a1fa28b1452
Command duration or timeout: 1.59 seconds
Build info: version: '2.53.1', revision: 'a36b8b1cd5757287168e54b817830adce9b0158d', time: '2016-06-30 19:26:09'
System info: host: 'Manjuus-Mac.local', ip: '127.0.0.1', os.name: 'Mac OS X', os.arch: 'x86_64', os.version: '10.15.6', java.version: '1.8.0_171'
Driver info: org.openqa.selenium.remote.RemoteWebDriver
Capabilities [{mobileEmulationEnabled=false, timeouts={implicit=0, pageLoad=300000, script=30000}, hasTouchScreen=false, platform=MAC, acceptSslCerts=false, goog:chromeOptions={debuggerAddress=localhost:50260}, acceptInsecureCerts=false, webStorageEnabled=true, browserName=chrome, takesScreenshot=true, javascriptEnabled=true, setWindowRect=true, unexpectedAlertBehaviour=ignore, applicationCacheEnabled=false, rotatable=false, networkConnectionEnabled=false, chrome={chromedriverVersion=85.0.4183.87 (cd6713ebf92fa1cacc0f1a598df280093af0c5d7-refs/branch-heads/4183@{#1689}), userDataDir=/var/folders/qz/47s677px17q2y7vp_bmr0l0w0000gn/T/.com.google.Chrome.hwy55C}, takesHeapSnapshot=true, pageLoadStrategy=normal, strictFileInteractability=false, databaseEnabled=false, handlesAlerts=true, version=85.0.4183.102, browserConnectionEnabled=false, proxy={}, nativeEvents=true, webdriver.remote.sessionid=5c291424-4058-484e-87f1-66145ba63b5b, locationContextEnabled=true, cssSelectorsEnabled=true, webauthn:virtualAuthenticators=true}]
Session ID: 5c291424-4058-484e-87f1-66145ba63b5b
	at org.xframium.page.element.AbstractElement.click(AbstractElement.java:647)
	at org.xframium.page.element.AbstractElement.click(AbstractElement.java:613)
	at functions.GenericFunctions._click(GenericFunctions.java:335)
	at pages.spi.LoginImpl.Login(LoginImpl.java:87)
	... 23 more
]]>
            </full-stacktrace>
          </exception> <!-- java.lang.reflect.InvocationTargetException -->
          <reporter-output>
          </reporter-output>
        </test-method> <!-- SecondScript -->
        <test-method status="PASS" signature="AfterMethod(java.lang.reflect.Method, org.testng.ITestResult)[pri:0, instance:uiAutomation.TestDriverClasses@3043fe0e]" name="AfterMethod" is-config="true" duration-ms="13" started-at="2020-09-12T19:39:16Z" finished-at="2020-09-12T19:39:16Z">
          <params>
            <param index="0">
              <value>
                <![CDATA[public void uiAutomation.TestDriverClasses.SecondScript(org.xframium.device.ng.AbstractSeleniumTest$TestName,org.xframium.spi.Device) throws java.lang.Exception]]>
              </value>
            </param>
            <param index="1">
              <value>
                <![CDATA[[TestResult name=SecondScript status=FAILURE method=TestDriverClasses.SecondScript(org.xframium.device.ng.AbstractSeleniumTest$TestName, org.xframium.spi.Device)[pri:0, instance:uiAutomation.TestDriverClasses@3043fe0e] output={null}]]]>
              </value>
            </param>
          </params>
          <reporter-output>
          </reporter-output>
        </test-method> <!-- AfterMethod -->
        <test-method status="PASS" signature="afterMethod(java.lang.reflect.Method, [Ljava.lang.Object;, org.testng.ITestResult)[pri:0, instance:uiAutomation.TestDriverClasses@3043fe0e]" name="afterMethod" is-config="true" duration-ms="61034" started-at="2020-09-12T19:39:16Z" finished-at="2020-09-12T19:40:17Z">
          <params>
            <param index="0">
              <value>
                <![CDATA[public void uiAutomation.TestDriverClasses.SecondScript(org.xframium.device.ng.AbstractSeleniumTest$TestName,org.xframium.spi.Device) throws java.lang.Exception]]>
              </value>
            </param>
            <param index="1">
              <value>
                <![CDATA[[Ljava.lang.Object;@3e30646a]]>
              </value>
            </param>
            <param index="2">
              <value>
                <![CDATA[[TestResult name=SecondScript status=FAILURE method=TestDriverClasses.SecondScript(org.xframium.device.ng.AbstractSeleniumTest$TestName, org.xframium.spi.Device)[pri:0, instance:uiAutomation.TestDriverClasses@3043fe0e] output={null}]]]>
              </value>
            </param>
          </params>
          <reporter-output>
          </reporter-output>
        </test-method> <!-- afterMethod -->
        <test-method status="PASS" signature="cleanupSuite()[pri:0, instance:uiAutomation.TestDriverClasses@3043fe0e]" name="cleanupSuite" is-config="true" duration-ms="298" started-at="2020-09-12T19:40:17Z" finished-at="2020-09-12T19:40:18Z">
          <reporter-output>
          </reporter-output>
        </test-method> <!-- cleanupSuite -->
      </class> <!-- uiAutomation.TestDriverClasses -->
    </test> <!-- Default test -->
  </suite> <!-- Default suite -->
</testng-results>
